<?xml version="1.0" encoding="UTF-8"?>
<coverage generated="1589213314">
  <project timestamp="1589213314">
    <package name="carlonicora\jsonapi">
      <file name="/opt/project/src/document.php">
        <class name="carlonicora\jsonapi\document" namespace="carlonicora\jsonapi">
          <metrics complexity="36" methods="9" coveredmethods="9" conditionals="0" coveredconditionals="0" statements="61" coveredstatements="61" elements="70" coveredelements="70"/>
        </class>
        <line num="42" type="method" name="__construct" visibility="public" complexity="3" crap="3" count="38"/>
        <line num="44" type="stmt" count="38"/>
        <line num="45" type="stmt" count="38"/>
        <line num="47" type="stmt" count="38"/>
        <line num="48" type="stmt" count="5"/>
        <line num="50" type="stmt" count="37"/>
        <line num="55" type="method" name="addResource" visibility="public" complexity="1" crap="1" count="2"/>
        <line num="57" type="stmt" count="2"/>
        <line num="58" type="stmt" count="2"/>
        <line num="63" type="method" name="addError" visibility="public" complexity="1" crap="1" count="1"/>
        <line num="65" type="stmt" count="1"/>
        <line num="66" type="stmt" count="1"/>
        <line num="71" type="method" name="buildIncluded" visibility="private" complexity="2" crap="2" count="12"/>
        <line num="73" type="stmt" count="12"/>
        <line num="74" type="stmt" count="6"/>
        <line num="76" type="stmt" count="12"/>
        <line num="82" type="method" name="addIncluded" visibility="private" complexity="9" crap="9" count="6"/>
        <line num="84" type="stmt" count="6"/>
        <line num="85" type="stmt" count="6"/>
        <line num="87" type="stmt" count="6"/>
        <line num="88" type="stmt" count="6"/>
        <line num="89" type="stmt" count="4"/>
        <line num="90" type="stmt" count="4"/>
        <line num="94" type="stmt" count="6"/>
        <line num="95" type="stmt" count="6"/>
        <line num="99" type="stmt" count="6"/>
        <line num="100" type="stmt" count="6"/>
        <line num="101" type="stmt" count="6"/>
        <line num="102" type="stmt" count="6"/>
        <line num="106" type="stmt" count="6"/>
        <line num="108" type="method" name="forceResourceList" visibility="public" complexity="1" crap="1" count="3"/>
        <line num="110" type="stmt" count="3"/>
        <line num="111" type="stmt" count="3"/>
        <line num="116" type="method" name="prepare" visibility="public" complexity="11" crap="11" count="12"/>
        <line num="118" type="stmt" count="12"/>
        <line num="120" type="stmt" count="12"/>
        <line num="122" type="stmt" count="12"/>
        <line num="123" type="stmt" count="1"/>
        <line num="125" type="stmt" count="1"/>
        <line num="126" type="stmt" count="1"/>
        <line num="128" type="stmt" count="11"/>
        <line num="129" type="stmt" count="6"/>
        <line num="130" type="stmt" count="6"/>
        <line num="131" type="stmt" count="6"/>
        <line num="132" type="stmt" count="3"/>
        <line num="134" type="stmt" count="3"/>
        <line num="139" type="stmt" count="12"/>
        <line num="140" type="stmt" count="12"/>
        <line num="141" type="stmt" count="6"/>
        <line num="144" type="stmt" count="12"/>
        <line num="146" type="stmt" count="12"/>
        <line num="147" type="stmt" count="6"/>
        <line num="149" type="stmt" count="6"/>
        <line num="150" type="stmt" count="6"/>
        <line num="154" type="stmt" count="12"/>
        <line num="161" type="method" name="export" visibility="public" complexity="1" crap="1" count="4"/>
        <line num="163" type="stmt" count="4"/>
        <line num="171" type="method" name="importArray" visibility="public" complexity="7" crap="7" count="5"/>
        <line num="173" type="stmt" count="5"/>
        <line num="174" type="stmt" count="5"/>
        <line num="177" type="stmt" count="5"/>
        <line num="178" type="stmt" count="1"/>
        <line num="181" type="stmt" count="5"/>
        <line num="182" type="stmt" count="1"/>
        <line num="185" type="stmt" count="5"/>
        <line num="186" type="stmt" count="5"/>
        <line num="187" type="stmt" count="2"/>
        <line num="189" type="stmt" count="3"/>
        <line num="190" type="stmt" count="3"/>
        <line num="194" type="stmt" count="4"/>
        <metrics loc="194" ncloc="158" classes="1" methods="9" coveredmethods="9" conditionals="0" coveredconditionals="0" statements="61" coveredstatements="61" elements="70" coveredelements="70"/>
      </file>
      <file name="/opt/project/src/response.php">
        <class name="carlonicora\jsonapi\response" namespace="carlonicora\jsonapi">
          <metrics complexity="37" methods="7" coveredmethods="7" conditionals="0" coveredconditionals="0" statements="71" coveredstatements="71" elements="78" coveredelements="78"/>
        </class>
        <line num="90" type="method" name="__construct" visibility="public" complexity="1" crap="1" count="27"/>
        <line num="92" type="stmt" count="27"/>
        <line num="93" type="stmt" count="27"/>
        <line num="98" type="method" name="render" visibility="public" complexity="3" crap="3" count="5"/>
        <line num="100" type="stmt" count="5"/>
        <line num="101" type="stmt" count="1"/>
        <line num="102" type="stmt" count="1"/>
        <line num="105" type="stmt" count="5"/>
        <line num="107" type="stmt" count="5"/>
        <line num="113" type="method" name="renderHeaders" visibility="public" complexity="1" crap="1" count="5"/>
        <line num="115" type="stmt" count="5"/>
        <line num="116" type="stmt" count="5"/>
        <line num="117" type="stmt" count="5"/>
        <line num="122" type="method" name="renderProtocolHeader" visibility="public" complexity="1" crap="1" count="5"/>
        <line num="124" type="stmt" count="5"/>
        <line num="125" type="stmt" count="5"/>
        <line num="126" type="stmt" count="5"/>
        <line num="132" type="method" name="generateResponseData" visibility="protected" complexity="6" crap="6" count="4"/>
        <line num="135" type="stmt" count="4"/>
        <line num="137" type="stmt" count="3"/>
        <line num="139" type="stmt" count="4"/>
        <line num="142" type="stmt" count="1"/>
        <line num="146" type="stmt" count="3"/>
        <line num="147" type="stmt" count="1"/>
        <line num="148" type="stmt" count="1"/>
        <line num="149" type="stmt" count="1"/>
        <line num="150" type="stmt" count="1"/>
        <line num="152" type="stmt" count="1"/>
        <line num="159" type="method" name="generateProtocol" visibility="private" complexity="1" crap="1" count="5"/>
        <line num="161" type="stmt" count="5"/>
        <line num="167" type="method" name="generateStatusText" visibility="private" complexity="24" crap="24" count="26"/>
        <line num="169" type="stmt" count="26"/>
        <line num="170" type="stmt" count="26"/>
        <line num="171" type="stmt" count="1"/>
        <line num="173" type="stmt" count="25"/>
        <line num="174" type="stmt" count="1"/>
        <line num="176" type="stmt" count="24"/>
        <line num="177" type="stmt" count="1"/>
        <line num="179" type="stmt" count="23"/>
        <line num="180" type="stmt" count="1"/>
        <line num="182" type="stmt" count="22"/>
        <line num="183" type="stmt" count="1"/>
        <line num="185" type="stmt" count="21"/>
        <line num="186" type="stmt" count="1"/>
        <line num="188" type="stmt" count="20"/>
        <line num="189" type="stmt" count="1"/>
        <line num="191" type="stmt" count="19"/>
        <line num="192" type="stmt" count="1"/>
        <line num="194" type="stmt" count="18"/>
        <line num="195" type="stmt" count="1"/>
        <line num="197" type="stmt" count="17"/>
        <line num="198" type="stmt" count="1"/>
        <line num="200" type="stmt" count="16"/>
        <line num="201" type="stmt" count="1"/>
        <line num="203" type="stmt" count="15"/>
        <line num="204" type="stmt" count="1"/>
        <line num="206" type="stmt" count="14"/>
        <line num="207" type="stmt" count="1"/>
        <line num="209" type="stmt" count="13"/>
        <line num="210" type="stmt" count="1"/>
        <line num="212" type="stmt" count="12"/>
        <line num="213" type="stmt" count="1"/>
        <line num="215" type="stmt" count="11"/>
        <line num="216" type="stmt" count="1"/>
        <line num="218" type="stmt" count="10"/>
        <line num="219" type="stmt" count="1"/>
        <line num="221" type="stmt" count="9"/>
        <line num="222" type="stmt" count="2"/>
        <line num="224" type="stmt" count="7"/>
        <line num="225" type="stmt" count="1"/>
        <line num="227" type="stmt" count="6"/>
        <line num="228" type="stmt" count="1"/>
        <line num="230" type="stmt" count="5"/>
        <line num="231" type="stmt" count="1"/>
        <line num="233" type="stmt" count="4"/>
        <line num="234" type="stmt" count="1"/>
        <line num="236" type="stmt" count="3"/>
        <line num="238" type="stmt" count="3"/>
        <metrics loc="241" ncloc="193" classes="1" methods="7" coveredmethods="7" conditionals="0" coveredconditionals="0" statements="71" coveredstatements="71" elements="78" coveredelements="78"/>
      </file>
    </package>
    <file name="/opt/project/src/interfaces/exportInterface.php">
      <metrics loc="9" ncloc="6" classes="0" methods="0" coveredmethods="0" conditionals="0" coveredconditionals="0" statements="0" coveredstatements="0" elements="0" coveredelements="0"/>
    </file>
    <file name="/opt/project/src/interfaces/exportPreparationInterface.php">
      <metrics loc="9" ncloc="6" classes="0" methods="0" coveredmethods="0" conditionals="0" coveredconditionals="0" statements="0" coveredstatements="0" elements="0" coveredelements="0"/>
    </file>
    <file name="/opt/project/src/interfaces/importInterface.php">
      <metrics loc="10" ncloc="6" classes="0" methods="0" coveredmethods="0" conditionals="0" coveredconditionals="0" statements="0" coveredstatements="0" elements="0" coveredelements="0"/>
    </file>
    <package name="carlonicora\jsonapi\objects">
      <file name="/opt/project/src/objects/attributes.php">
        <class name="carlonicora\jsonapi\objects\attributes" namespace="carlonicora\jsonapi\objects">
          <metrics complexity="7" methods="4" coveredmethods="4" conditionals="0" coveredconditionals="0" statements="11" coveredstatements="11" elements="15" coveredelements="15"/>
        </class>
        <line num="19" type="method" name="add" visibility="public" complexity="2" crap="2" count="18"/>
        <line num="21" type="stmt" count="18"/>
        <line num="22" type="stmt" count="1"/>
        <line num="25" type="stmt" count="18"/>
        <line num="26" type="stmt" count="18"/>
        <line num="33" type="method" name="get" visibility="public" complexity="2" crap="2" count="2"/>
        <line num="34" type="stmt" count="2"/>
        <line num="35" type="stmt" count="1"/>
        <line num="39" type="stmt" count="1"/>
        <line num="45" type="method" name="prepare" visibility="public" complexity="1" crap="1" count="10"/>
        <line num="47" type="stmt" count="10"/>
        <line num="55" type="method" name="importArray" visibility="public" complexity="2" crap="2" count="6"/>
        <line num="57" type="stmt" count="6"/>
        <line num="58" type="stmt" count="6"/>
        <line num="60" type="stmt" count="6"/>
        <metrics loc="60" ncloc="41" classes="1" methods="4" coveredmethods="4" conditionals="0" coveredconditionals="0" statements="11" coveredstatements="11" elements="15" coveredelements="15"/>
      </file>
      <file name="/opt/project/src/objects/error.php">
        <class name="carlonicora\jsonapi\objects\error" namespace="carlonicora\jsonapi\objects">
          <metrics complexity="12" methods="2" coveredmethods="2" conditionals="0" coveredconditionals="0" statements="22" coveredstatements="22" elements="24" coveredelements="24"/>
        </class>
        <line num="36" type="method" name="__construct" visibility="public" complexity="6" crap="6" count="5"/>
        <line num="43" type="stmt" count="5"/>
        <line num="44" type="stmt" count="5"/>
        <line num="45" type="stmt" count="5"/>
        <line num="46" type="stmt" count="5"/>
        <line num="47" type="stmt" count="5"/>
        <line num="49" type="stmt" count="5"/>
        <line num="50" type="stmt" count="5"/>
        <line num="51" type="stmt" count="5"/>
        <line num="56" type="method" name="prepare" visibility="public" complexity="6" crap="6" count="4"/>
        <line num="58" type="stmt" count="4"/>
        <line num="60" type="stmt" count="4"/>
        <line num="61" type="stmt" count="4"/>
        <line num="64" type="stmt" count="4"/>
        <line num="65" type="stmt" count="3"/>
        <line num="68" type="stmt" count="4"/>
        <line num="69" type="stmt" count="3"/>
        <line num="72" type="stmt" count="4"/>
        <line num="73" type="stmt" count="4"/>
        <line num="76" type="stmt" count="4"/>
        <line num="77" type="stmt" count="4"/>
        <line num="86" type="stmt" count="4"/>
        <line num="87" type="stmt" count="4"/>
        <line num="89" type="stmt" count="4"/>
        <metrics loc="91" ncloc="73" classes="1" methods="2" coveredmethods="2" conditionals="0" coveredconditionals="0" statements="22" coveredstatements="22" elements="24" coveredelements="24"/>
      </file>
      <file name="/opt/project/src/objects/link.php">
        <class name="carlonicora\jsonapi\objects\link" namespace="carlonicora\jsonapi\objects">
          <metrics complexity="5" methods="2" coveredmethods="2" conditionals="0" coveredconditionals="0" statements="12" coveredstatements="12" elements="14" coveredelements="14"/>
        </class>
        <line num="23" type="method" name="__construct" visibility="public" complexity="3" crap="3" count="17"/>
        <line num="25" type="stmt" count="17"/>
        <line num="26" type="stmt" count="17"/>
        <line num="28" type="stmt" count="17"/>
        <line num="29" type="stmt" count="3"/>
        <line num="31" type="stmt" count="17"/>
        <line num="36" type="method" name="prepare" visibility="public" complexity="2" crap="2" count="13"/>
        <line num="38" type="stmt" count="13"/>
        <line num="40" type="stmt" count="13"/>
        <line num="41" type="stmt" count="12"/>
        <line num="43" type="stmt" count="3"/>
        <line num="44" type="stmt" count="3"/>
        <line num="45" type="stmt" count="3"/>
        <line num="48" type="stmt" count="13"/>
        <metrics loc="51" ncloc="39" classes="1" methods="2" coveredmethods="2" conditionals="0" coveredconditionals="0" statements="12" coveredstatements="12" elements="14" coveredelements="14"/>
      </file>
      <file name="/opt/project/src/objects/links.php">
        <class name="carlonicora\jsonapi\objects\links" namespace="carlonicora\jsonapi\objects">
          <metrics complexity="10" methods="5" coveredmethods="5" conditionals="0" coveredconditionals="0" statements="20" coveredstatements="20" elements="25" coveredelements="25"/>
        </class>
        <line num="18" type="method" name="add" visibility="public" complexity="2" crap="2" count="15"/>
        <line num="20" type="stmt" count="15"/>
        <line num="21" type="stmt" count="1"/>
        <line num="24" type="stmt" count="15"/>
        <line num="25" type="stmt" count="15"/>
        <line num="32" type="method" name="get" visibility="public" complexity="2" crap="2" count="2"/>
        <line num="33" type="stmt" count="2"/>
        <line num="34" type="stmt" count="1"/>
        <line num="38" type="stmt" count="1"/>
        <line num="44" type="method" name="count" visibility="public" complexity="1" crap="1" count="19"/>
        <line num="46" type="stmt" count="19"/>
        <line num="52" type="method" name="prepare" visibility="public" complexity="2" crap="2" count="11"/>
        <line num="54" type="stmt" count="11"/>
        <line num="56" type="stmt" count="11"/>
        <line num="58" type="stmt" count="11"/>
        <line num="61" type="stmt" count="11"/>
        <line num="69" type="method" name="importArray" visibility="public" complexity="3" crap="3" count="6"/>
        <line num="71" type="stmt" count="6"/>
        <line num="72" type="stmt" count="6"/>
        <line num="73" type="stmt" count="1"/>
        <line num="74" type="stmt" count="1"/>
        <line num="75" type="stmt" count="1"/>
        <line num="77" type="stmt" count="6"/>
        <line num="80" type="stmt" count="6"/>
        <line num="82" type="stmt" count="6"/>
        <metrics loc="82" ncloc="60" classes="1" methods="5" coveredmethods="5" conditionals="0" coveredconditionals="0" statements="20" coveredstatements="20" elements="25" coveredelements="25"/>
      </file>
      <file name="/opt/project/src/objects/meta.php">
        <class name="carlonicora\jsonapi\objects\meta" namespace="carlonicora\jsonapi\objects">
          <metrics complexity="8" methods="5" coveredmethods="5" conditionals="0" coveredconditionals="0" statements="12" coveredstatements="12" elements="17" coveredelements="17"/>
        </class>
        <line num="19" type="method" name="add" visibility="public" complexity="2" crap="2" count="12"/>
        <line num="21" type="stmt" count="12"/>
        <line num="22" type="stmt" count="1"/>
        <line num="25" type="stmt" count="12"/>
        <line num="26" type="stmt" count="12"/>
        <line num="33" type="method" name="get" visibility="public" complexity="2" crap="2" count="2"/>
        <line num="34" type="stmt" count="2"/>
        <line num="35" type="stmt" count="1"/>
        <line num="39" type="stmt" count="1"/>
        <line num="45" type="method" name="count" visibility="public" complexity="1" crap="1" count="17"/>
        <line num="47" type="stmt" count="17"/>
        <line num="53" type="method" name="prepare" visibility="public" complexity="1" crap="1" count="18"/>
        <line num="55" type="stmt" count="18"/>
        <line num="63" type="method" name="importArray" visibility="public" complexity="2" crap="2" count="4"/>
        <line num="65" type="stmt" count="4"/>
        <line num="66" type="stmt" count="4"/>
        <line num="68" type="stmt" count="4"/>
        <metrics loc="68" ncloc="46" classes="1" methods="5" coveredmethods="5" conditionals="0" coveredconditionals="0" statements="12" coveredstatements="12" elements="17" coveredelements="17"/>
      </file>
      <file name="/opt/project/src/objects/relationship.php">
        <class name="carlonicora\jsonapi\objects\relationship" namespace="carlonicora\jsonapi\objects">
          <metrics complexity="15" methods="4" coveredmethods="4" conditionals="0" coveredconditionals="0" statements="33" coveredstatements="33" elements="37" coveredelements="37"/>
        </class>
        <line num="25" type="method" name="__construct" visibility="public" complexity="1" crap="1" count="10"/>
        <line num="27" type="stmt" count="10"/>
        <line num="28" type="stmt" count="10"/>
        <line num="29" type="stmt" count="10"/>
        <line num="30" type="stmt" count="10"/>
        <line num="35" type="method" name="prepare" visibility="public" complexity="1" crap="1" count="7"/>
        <line num="37" type="stmt" count="7"/>
        <line num="39" type="stmt" count="7"/>
        <line num="40" type="stmt" count="7"/>
        <line num="42" type="stmt" count="7"/>
        <line num="44" type="stmt" count="7"/>
        <line num="52" type="method" name="importArray" visibility="public" complexity="8" crap="8" count="5"/>
        <line num="54" type="stmt" count="5"/>
        <line num="55" type="stmt" count="1"/>
        <line num="58" type="stmt" count="5"/>
        <line num="59" type="stmt" count="2"/>
        <line num="62" type="stmt" count="5"/>
        <line num="63" type="stmt" count="5"/>
        <line num="64" type="stmt" count="5"/>
        <line num="65" type="stmt" count="5"/>
        <line num="66" type="stmt" count="5"/>
        <line num="67" type="stmt" count="1"/>
        <line num="68" type="stmt" count="1"/>
        <line num="70" type="stmt" count="5"/>
        <line num="72" type="stmt" count="4"/>
        <line num="73" type="stmt" count="4"/>
        <line num="74" type="stmt" count="4"/>
        <line num="75" type="stmt" count="1"/>
        <line num="76" type="stmt" count="1"/>
        <line num="78" type="stmt" count="4"/>
        <line num="79" type="stmt" count="4"/>
        <line num="83" type="stmt" count="4"/>
        <line num="91" type="method" name="getResourceFromIncludedArray" visibility="public" complexity="5" crap="5" count="5"/>
        <line num="92" type="stmt" count="5"/>
        <line num="93" type="stmt" count="4"/>
        <line num="94" type="stmt" count="4"/>
        <line num="98" type="stmt" count="1"/>
        <metrics loc="99" ncloc="79" classes="1" methods="4" coveredmethods="4" conditionals="0" coveredconditionals="0" statements="33" coveredstatements="33" elements="37" coveredelements="37"/>
      </file>
      <file name="/opt/project/src/objects/resourceIdentifier.php">
        <class name="carlonicora\jsonapi\objects\resourceIdentifier" namespace="carlonicora\jsonapi\objects">
          <metrics complexity="4" methods="2" coveredmethods="2" conditionals="0" coveredconditionals="0" statements="9" coveredstatements="9" elements="11" coveredelements="11"/>
        </class>
        <line num="25" type="method" name="__construct" visibility="public" complexity="2" crap="2" count="14"/>
        <line num="27" type="stmt" count="14"/>
        <line num="28" type="stmt" count="14"/>
        <line num="30" type="stmt" count="14"/>
        <line num="31" type="stmt" count="14"/>
        <line num="36" type="method" name="prepare" visibility="public" complexity="2" crap="2" count="12"/>
        <line num="39" type="stmt" count="12"/>
        <line num="42" type="stmt" count="12"/>
        <line num="43" type="stmt" count="12"/>
        <line num="46" type="stmt" count="12"/>
        <line num="48" type="stmt" count="12"/>
        <metrics loc="49" ncloc="38" classes="1" methods="2" coveredmethods="2" conditionals="0" coveredconditionals="0" statements="9" coveredstatements="9" elements="11" coveredelements="11"/>
      </file>
      <file name="/opt/project/src/objects/resourceLinkage.php">
        <class name="carlonicora\jsonapi\objects\resourceLinkage" namespace="carlonicora\jsonapi\objects">
          <metrics complexity="4" methods="2" coveredmethods="2" conditionals="0" coveredconditionals="0" statements="8" coveredstatements="8" elements="10" coveredelements="10"/>
        </class>
        <line num="11" type="method" name="add" visibility="public" complexity="1" crap="1" count="9"/>
        <line num="13" type="stmt" count="9"/>
        <line num="14" type="stmt" count="9"/>
        <line num="19" type="method" name="prepare" visibility="public" complexity="3" crap="3" count="9"/>
        <line num="21" type="stmt" count="9"/>
        <line num="23" type="stmt" count="9"/>
        <line num="24" type="stmt" count="7"/>
        <line num="25" type="stmt" count="7"/>
        <line num="27" type="stmt" count="6"/>
        <line num="31" type="stmt" count="9"/>
        <metrics loc="32" ncloc="28" classes="1" methods="2" coveredmethods="2" conditionals="0" coveredconditionals="0" statements="8" coveredstatements="8" elements="10" coveredelements="10"/>
      </file>
      <file name="/opt/project/src/objects/resourceObject.php">
        <class name="carlonicora\jsonapi\objects\resourceObject" namespace="carlonicora\jsonapi\objects">
          <metrics complexity="24" methods="5" coveredmethods="5" conditionals="0" coveredconditionals="0" statements="42" coveredstatements="42" elements="47" coveredelements="47"/>
        </class>
        <line num="34" type="method" name="__construct" visibility="public" complexity="9" crap="9" count="16"/>
        <line num="36" type="stmt" count="16"/>
        <line num="37" type="stmt" count="16"/>
        <line num="38" type="stmt" count="16"/>
        <line num="39" type="stmt" count="16"/>
        <line num="41" type="stmt" count="16"/>
        <line num="42" type="stmt" count="2"/>
        <line num="45" type="stmt" count="16"/>
        <line num="46" type="stmt" count="7"/>
        <line num="48" type="stmt" count="11"/>
        <line num="51" type="stmt" count="15"/>
        <line num="52" type="stmt" count="1"/>
        <line num="54" type="stmt" count="15"/>
        <line num="60" type="method" name="relationship" visibility="public" complexity="2" crap="2" count="8"/>
        <line num="62" type="stmt" count="8"/>
        <line num="63" type="stmt" count="8"/>
        <line num="66" type="stmt" count="8"/>
        <line num="72" type="method" name="prepareIdentifier" visibility="public" complexity="1" crap="1" count="7"/>
        <line num="74" type="stmt" count="7"/>
        <line num="80" type="method" name="prepare" visibility="public" complexity="4" crap="4" count="9"/>
        <line num="82" type="stmt" count="9"/>
        <line num="84" type="stmt" count="9"/>
        <line num="85" type="stmt" count="1"/>
        <line num="88" type="stmt" count="9"/>
        <line num="90" type="stmt" count="9"/>
        <line num="91" type="stmt" count="9"/>
        <line num="93" type="stmt" count="9"/>
        <line num="94" type="stmt" count="6"/>
        <line num="95" type="stmt" count="6"/>
        <line num="96" type="stmt" count="6"/>
        <line num="100" type="stmt" count="9"/>
        <line num="108" type="method" name="importArray" visibility="public" complexity="8" crap="8" count="7"/>
        <line num="110" type="stmt" count="7"/>
        <line num="111" type="stmt" count="6"/>
        <line num="113" type="stmt" count="1"/>
        <line num="116" type="stmt" count="6"/>
        <line num="117" type="stmt" count="6"/>
        <line num="120" type="stmt" count="6"/>
        <line num="121" type="stmt" count="6"/>
        <line num="124" type="stmt" count="6"/>
        <line num="125" type="stmt" count="2"/>
        <line num="128" type="stmt" count="6"/>
        <line num="129" type="stmt" count="6"/>
        <line num="132" type="stmt" count="6"/>
        <line num="133" type="stmt" count="5"/>
        <line num="134" type="stmt" count="5"/>
        <line num="137" type="stmt" count="5"/>
        <metrics loc="137" ncloc="109" classes="1" methods="5" coveredmethods="5" conditionals="0" coveredconditionals="0" statements="42" coveredstatements="42" elements="47" coveredelements="47"/>
      </file>
    </package>
    <package name="carlonicora\jsonapi\traits">
      <file name="/opt/project/src/traits/exportPreparationTrait.php">
        <class name="exportPreparationTrait" namespace="carlonicora\jsonapi\traits">
          <metrics complexity="5" methods="2" coveredmethods="2" conditionals="0" coveredconditionals="0" statements="6" coveredstatements="6" elements="8" coveredelements="8"/>
        </class>
        <line num="14" type="method" name="prepareMeta" visibility="private" complexity="3" crap="3" count="22"/>
        <line num="16" type="stmt" count="22"/>
        <line num="17" type="stmt" count="12"/>
        <line num="19" type="stmt" count="22"/>
        <line num="25" type="method" name="prepareLinks" visibility="private" complexity="2" crap="2" count="19"/>
        <line num="27" type="stmt" count="19"/>
        <line num="28" type="stmt" count="10"/>
        <line num="30" type="stmt" count="19"/>
        <metrics loc="30" ncloc="21" classes="1" methods="2" coveredmethods="2" conditionals="0" coveredconditionals="0" statements="6" coveredstatements="6" elements="8" coveredelements="8"/>
      </file>
    </package>
    <metrics files="15" loc="1162" ncloc="903" classes="12" methods="49" coveredmethods="49" conditionals="0" coveredconditionals="0" statements="307" coveredstatements="307" elements="356" coveredelements="356"/>
  </project>
</coverage>
